This file contains any messages produced by compilers while
running configure, to aid debugging if configure makes a mistake.

It was created by tango-icon-theme configure 0.8.1, which was
generated by GNU Autoconf 2.61.  Invocation command line was

  $ ./configure 

## --------- ##
## Platform. ##
## --------- ##

hostname = ccmac.cardiodx.com
uname -m = i386
uname -r = 9.5.0
uname -s = Darwin
uname -v = Darwin Kernel Version 9.5.0: Wed Sep  3 11:29:43 PDT 2008; root:xnu-1228.7.58~1/RELEASE_I386

/usr/bin/uname -p = i386
/bin/uname -X     = unknown

/bin/arch              = unknown
/usr/bin/arch -k       = unknown
/usr/convex/getsysinfo = unknown
/usr/bin/hostinfo      = Mach kernel version:
	 Darwin Kernel Version 9.5.0: Wed Sep  3 11:29:43 PDT 2008; root:xnu-1228.7.58~1/RELEASE_I386
Kernel configured for up to 2 processors.
2 processors are physically available.
2 processors are logically available.
Processor type: i486 (Intel 80486)
Processors active: 0 1
Primary memory available: 2.00 gigabytes
Default processor set: 83 tasks, 372 threads, 2 processors
Load average: 0.16, Mach factor: 1.83
/bin/machine           = unknown
/usr/bin/oslevel       = unknown
/bin/universe          = unknown

PATH: /usr/local/bin
PATH: /usr/bin
PATH: /bin
PATH: /usr/sbin
PATH: /sbin
PATH: /usr/local/bin
PATH: /usr/X11/bin
PATH: /usr/local/mysql/bin


## ----------- ##
## Core tests. ##
## ----------- ##

configure:1843: checking for a BSD-compatible install
configure:1899: result: /usr/bin/install -c
configure:1910: checking whether build environment is sane
configure:1953: result: yes
configure:1981: checking for a thread-safe mkdir -p
configure:2020: result: ./install-sh -c -d
configure:2033: checking for gawk
configure:2063: result: no
configure:2033: checking for mawk
configure:2063: result: no
configure:2033: checking for nawk
configure:2063: result: no
configure:2033: checking for awk
configure:2049: found /usr/bin/awk
configure:2060: result: awk
configure:2071: checking whether make sets $(MAKE)
configure:2092: result: yes
configure:2275: checking how to create a ustar tar archive
configure:2288: tar --version
tar (GNU tar) 1.15.1
configure:2291: $? = 0
configure:2331: tardir=conftest.dir && eval tar --format=ustar -chf - "$tardir" >conftest.tar
configure:2334: $? = 0
configure:2338: tar -xf - <conftest.tar
configure:2341: $? = 0
configure:2354: result: gnutar
configure:2374: checking for style of include used by make
configure:2402: result: GNU
configure:2472: checking for gcc
configure:2488: found /usr/bin/gcc
configure:2499: result: gcc
configure:2737: checking for C compiler version
configure:2744: gcc --version >&5
i686-apple-darwin9-gcc-4.0.1 (GCC) 4.0.1 (Apple Inc. build 5465)
Copyright (C) 2005 Free Software Foundation, Inc.
This is free software; see the source for copying conditions.  There is NO
warranty; not even for MERCHANTABILITY or FITNESS FOR A PARTICULAR PURPOSE.

configure:2747: $? = 0
configure:2754: gcc -v >&5
Using built-in specs.
Target: i686-apple-darwin9
Configured with: /var/tmp/gcc/gcc-5465~16/src/configure --disable-checking -enable-werror --prefix=/usr --mandir=/share/man --enable-languages=c,objc,c++,obj-c++ --program-transform-name=/^[cg][^.-]*$/s/$/-4.0/ --with-gxx-include-dir=/include/c++/4.0.0 --with-slibdir=/usr/lib --build=i686-apple-darwin9 --with-arch=apple --with-tune=generic --host=i686-apple-darwin9 --target=i686-apple-darwin9
Thread model: posix
gcc version 4.0.1 (Apple Inc. build 5465)
configure:2757: $? = 0
configure:2764: gcc -V >&5
gcc-4.0: argument to `-V' is missing
configure:2767: $? = 1
configure:2790: checking for C compiler default output file name
configure:2817: gcc    conftest.c  >&5
configure:2820: $? = 0
configure:2858: result: a.out
configure:2875: checking whether the C compiler works
configure:2885: ./a.out
configure:2888: $? = 0
configure:2905: result: yes
configure:2912: checking whether we are cross compiling
configure:2914: result: no
configure:2917: checking for suffix of executables
configure:2924: gcc -o conftest    conftest.c  >&5
configure:2927: $? = 0
configure:2951: result: 
configure:2957: checking for suffix of object files
configure:2983: gcc -c   conftest.c >&5
configure:2986: $? = 0
configure:3009: result: o
configure:3013: checking whether we are using the GNU C compiler
configure:3042: gcc -c   conftest.c >&5
configure:3048: $? = 0
configure:3065: result: yes
configure:3070: checking whether gcc accepts -g
configure:3100: gcc -c -g  conftest.c >&5
configure:3106: $? = 0
configure:3205: result: yes
configure:3222: checking for gcc option to accept ISO C89
configure:3296: gcc  -c -g -O2  conftest.c >&5
configure:3302: $? = 0
configure:3325: result: none needed
configure:3345: checking dependency style of gcc
configure:3436: result: none
configure:3464: checking for intltool >= 0.33
configure:3471: result: 0.36.1 found
configure:3527: checking for perl
configure:3545: found /usr/bin/perl
configure:3557: result: /usr/bin/perl
configure:3576: checking for XML::Parser
configure:3579: result: ok
configure:3590: checking for iconv
configure:3608: found /usr/bin/iconv
configure:3621: result: /usr/bin/iconv
configure:3631: checking for msgfmt
configure:3662: result: msgfmt
configure:3672: checking for msgmerge
configure:3703: result: msgmerge
configure:3713: checking for xgettext
configure:3744: result: xgettext
configure:3781: gcc -o conftest -g -O2   conftest.c  >&5
Undefined symbols:
  "__nl_msg_cat_cntr", referenced from:
      __nl_msg_cat_cntr$non_lazy_ptr in ccpQlR1e.o
ld: symbol(s) not found
collect2: ld returned 1 exit status
configure:3787: $? = 1
configure: failed program was:
| /* confdefs.h.  */
| #define PACKAGE_NAME "tango-icon-theme"
| #define PACKAGE_TARNAME "tango-icon-theme"
| #define PACKAGE_VERSION "0.8.1"
| #define PACKAGE_STRING "tango-icon-theme 0.8.1"
| #define PACKAGE_BUGREPORT ""
| #define PACKAGE "tango-icon-theme"
| #define VERSION "0.8.1"
| /* end confdefs.h.  */
| 
| int
| main ()
| {
| extern int _nl_msg_cat_cntr;
|                  return _nl_msg_cat_cntr
|   ;
|   return 0;
| }
configure:3955: checking for pkg-config
configure:3988: result: no
configure:4036: checking how to run the C preprocessor
configure:4076: gcc -E  conftest.c
configure:4082: $? = 0
configure:4113: gcc -E  conftest.c
conftest.c:10:28: error: ac_nonexistent.h: No such file or directory
configure:4119: $? = 1
configure: failed program was:
| /* confdefs.h.  */
| #define PACKAGE_NAME "tango-icon-theme"
| #define PACKAGE_TARNAME "tango-icon-theme"
| #define PACKAGE_VERSION "0.8.1"
| #define PACKAGE_STRING "tango-icon-theme 0.8.1"
| #define PACKAGE_BUGREPORT ""
| #define PACKAGE "tango-icon-theme"
| #define VERSION "0.8.1"
| /* end confdefs.h.  */
| #include <ac_nonexistent.h>
configure:4152: result: gcc -E
configure:4181: gcc -E  conftest.c
configure:4187: $? = 0
configure:4218: gcc -E  conftest.c
conftest.c:10:28: error: ac_nonexistent.h: No such file or directory
configure:4224: $? = 1
configure: failed program was:
| /* confdefs.h.  */
| #define PACKAGE_NAME "tango-icon-theme"
| #define PACKAGE_TARNAME "tango-icon-theme"
| #define PACKAGE_VERSION "0.8.1"
| #define PACKAGE_STRING "tango-icon-theme 0.8.1"
| #define PACKAGE_BUGREPORT ""
| #define PACKAGE "tango-icon-theme"
| #define VERSION "0.8.1"
| /* end confdefs.h.  */
| #include <ac_nonexistent.h>
configure:4262: checking for grep that handles long lines and -e
configure:4336: result: /usr/bin/grep
configure:4341: checking for egrep
configure:4419: result: /usr/bin/grep -E
configure:4424: checking for ANSI C header files
configure:4454: gcc -c -g -O2  conftest.c >&5
configure:4460: $? = 0
configure:4559: gcc -o conftest -g -O2   conftest.c  >&5
configure:4562: $? = 0
configure:4568: ./conftest
configure:4571: $? = 0
configure:4588: result: yes
configure:4612: checking for sys/types.h
configure:4633: gcc -c -g -O2  conftest.c >&5
configure:4639: $? = 0
configure:4655: result: yes
configure:4612: checking for sys/stat.h
configure:4633: gcc -c -g -O2  conftest.c >&5
configure:4639: $? = 0
configure:4655: result: yes
configure:4612: checking for stdlib.h
configure:4633: gcc -c -g -O2  conftest.c >&5
configure:4639: $? = 0
configure:4655: result: yes
configure:4612: checking for string.h
configure:4633: gcc -c -g -O2  conftest.c >&5
configure:4639: $? = 0
configure:4655: result: yes
configure:4612: checking for memory.h
configure:4633: gcc -c -g -O2  conftest.c >&5
configure:4639: $? = 0
configure:4655: result: yes
configure:4612: checking for strings.h
configure:4633: gcc -c -g -O2  conftest.c >&5
configure:4639: $? = 0
configure:4655: result: yes
configure:4612: checking for inttypes.h
configure:4633: gcc -c -g -O2  conftest.c >&5
configure:4639: $? = 0
configure:4655: result: yes
configure:4612: checking for stdint.h
configure:4633: gcc -c -g -O2  conftest.c >&5
configure:4639: $? = 0
configure:4655: result: yes
configure:4612: checking for unistd.h
configure:4633: gcc -c -g -O2  conftest.c >&5
configure:4639: $? = 0
configure:4655: result: yes
configure:4673: checking build system type
configure:4691: result: i386-apple-darwin9.5.0
configure:4713: checking host system type
configure:4728: result: i386-apple-darwin9.5.0
configure:4766: checking locale.h usability
configure:4783: gcc -c -g -O2  conftest.c >&5
configure:4789: $? = 0
configure:4803: result: yes
configure:4807: checking locale.h presence
configure:4822: gcc -E  conftest.c
configure:4828: $? = 0
configure:4842: result: yes
configure:4870: checking for locale.h
configure:4878: result: yes
configure:4892: checking for LC_MESSAGES
configure:4918: gcc -o conftest -g -O2   conftest.c  >&5
configure:4924: $? = 0
configure:4941: result: yes
configure:4970: checking libintl.h usability
configure:4987: gcc -c -g -O2  conftest.c >&5
conftest.c:55:21: error: libintl.h: No such file or directory
configure:4993: $? = 1
configure: failed program was:
| /* confdefs.h.  */
| #define PACKAGE_NAME "tango-icon-theme"
| #define PACKAGE_TARNAME "tango-icon-theme"
| #define PACKAGE_VERSION "0.8.1"
| #define PACKAGE_STRING "tango-icon-theme 0.8.1"
| #define PACKAGE_BUGREPORT ""
| #define PACKAGE "tango-icon-theme"
| #define VERSION "0.8.1"
| #define STDC_HEADERS 1
| #define HAVE_SYS_TYPES_H 1
| #define HAVE_SYS_STAT_H 1
| #define HAVE_STDLIB_H 1
| #define HAVE_STRING_H 1
| #define HAVE_MEMORY_H 1
| #define HAVE_STRINGS_H 1
| #define HAVE_INTTYPES_H 1
| #define HAVE_STDINT_H 1
| #define HAVE_UNISTD_H 1
| #define HAVE_LOCALE_H 1
| #define HAVE_LC_MESSAGES 1
| /* end confdefs.h.  */
| #include <stdio.h>
| #ifdef HAVE_SYS_TYPES_H
| # include <sys/types.h>
| #endif
| #ifdef HAVE_SYS_STAT_H
| # include <sys/stat.h>
| #endif
| #ifdef STDC_HEADERS
| # include <stdlib.h>
| # include <stddef.h>
| #else
| # ifdef HAVE_STDLIB_H
| #  include <stdlib.h>
| # endif
| #endif
| #ifdef HAVE_STRING_H
| # if !defined STDC_HEADERS && defined HAVE_MEMORY_H
| #  include <memory.h>
| # endif
| # include <string.h>
| #endif
| #ifdef HAVE_STRINGS_H
| # include <strings.h>
| #endif
| #ifdef HAVE_INTTYPES_H
| # include <inttypes.h>
| #endif
| #ifdef HAVE_STDINT_H
| # include <stdint.h>
| #endif
| #ifdef HAVE_UNISTD_H
| # include <unistd.h>
| #endif
| #include <libintl.h>
configure:5007: result: no
configure:5011: checking libintl.h presence
configure:5026: gcc -E  conftest.c
conftest.c:22:21: error: libintl.h: No such file or directory
configure:5032: $? = 1
configure: failed program was:
| /* confdefs.h.  */
| #define PACKAGE_NAME "tango-icon-theme"
| #define PACKAGE_TARNAME "tango-icon-theme"
| #define PACKAGE_VERSION "0.8.1"
| #define PACKAGE_STRING "tango-icon-theme 0.8.1"
| #define PACKAGE_BUGREPORT ""
| #define PACKAGE "tango-icon-theme"
| #define VERSION "0.8.1"
| #define STDC_HEADERS 1
| #define HAVE_SYS_TYPES_H 1
| #define HAVE_SYS_STAT_H 1
| #define HAVE_STDLIB_H 1
| #define HAVE_STRING_H 1
| #define HAVE_MEMORY_H 1
| #define HAVE_STRINGS_H 1
| #define HAVE_INTTYPES_H 1
| #define HAVE_STDINT_H 1
| #define HAVE_UNISTD_H 1
| #define HAVE_LOCALE_H 1
| #define HAVE_LC_MESSAGES 1
| /* end confdefs.h.  */
| #include <libintl.h>
configure:5046: result: no
configure:5074: checking for libintl.h
configure:5081: result: no
configure:6282: checking icon-naming-utils >= 0.8.2
configure:6301: result: no
configure:6304: error: icon-naming-utils >= 0.8.2 is required to build
                 and install tango-icon-theme

## ---------------- ##
## Cache variables. ##
## ---------------- ##

ac_cv_build=i386-apple-darwin9.5.0
ac_cv_c_compiler_gnu=yes
ac_cv_env_CC_set=
ac_cv_env_CC_value=
ac_cv_env_CFLAGS_set=
ac_cv_env_CFLAGS_value=
ac_cv_env_CPPFLAGS_set=
ac_cv_env_CPPFLAGS_value=
ac_cv_env_CPP_set=
ac_cv_env_CPP_value=
ac_cv_env_LDFLAGS_set=
ac_cv_env_LDFLAGS_value=
ac_cv_env_LIBS_set=
ac_cv_env_LIBS_value=
ac_cv_env_PKG_CONFIG_set=
ac_cv_env_PKG_CONFIG_value=
ac_cv_env_build_alias_set=
ac_cv_env_build_alias_value=
ac_cv_env_host_alias_set=
ac_cv_env_host_alias_value=
ac_cv_env_target_alias_set=
ac_cv_env_target_alias_value=
ac_cv_header_inttypes_h=yes
ac_cv_header_libintl_h=no
ac_cv_header_locale_h=yes
ac_cv_header_memory_h=yes
ac_cv_header_stdc=yes
ac_cv_header_stdint_h=yes
ac_cv_header_stdlib_h=yes
ac_cv_header_string_h=yes
ac_cv_header_strings_h=yes
ac_cv_header_sys_stat_h=yes
ac_cv_header_sys_types_h=yes
ac_cv_header_unistd_h=yes
ac_cv_host=i386-apple-darwin9.5.0
ac_cv_objext=o
ac_cv_path_EGREP='/usr/bin/grep -E'
ac_cv_path_GREP=/usr/bin/grep
ac_cv_path_INTLTOOL_ICONV=/usr/bin/iconv
ac_cv_path_INTLTOOL_MSGFMT=msgfmt
ac_cv_path_INTLTOOL_MSGMERGE=msgmerge
ac_cv_path_INTLTOOL_PERL=/usr/bin/perl
ac_cv_path_INTLTOOL_XGETTEXT=xgettext
ac_cv_path_install='/usr/bin/install -c'
ac_cv_prog_AWK=awk
ac_cv_prog_CPP='gcc -E'
ac_cv_prog_ac_ct_CC=gcc
ac_cv_prog_cc_c89=
ac_cv_prog_cc_g=yes
ac_cv_prog_make_make_set=yes
am_cv_CC_dependencies_compiler_type=none
am_cv_prog_tar_ustar=gnutar
am_cv_val_LC_MESSAGES=yes
gt_cv_have_gettext=no

## ----------------- ##
## Output variables. ##
## ----------------- ##

ACLOCAL='${SHELL} /Users/cchou/Documents/ruby/rails/capi/public/images/TangoIconLibrary/tango-icon-theme-0.8.1/missing --run aclocal-1.10'
ACLOCAL_AMFLAGS='${ACLOCAL_FLAGS}'
ALL_LINGUAS=''
AMDEPBACKSLASH='\'
AMDEP_FALSE='#'
AMDEP_TRUE=''
AMTAR='${SHELL} /Users/cchou/Documents/ruby/rails/capi/public/images/TangoIconLibrary/tango-icon-theme-0.8.1/missing --run tar'
AUTOCONF='${SHELL} /Users/cchou/Documents/ruby/rails/capi/public/images/TangoIconLibrary/tango-icon-theme-0.8.1/missing --run autoconf'
AUTOHEADER='${SHELL} /Users/cchou/Documents/ruby/rails/capi/public/images/TangoIconLibrary/tango-icon-theme-0.8.1/missing --run autoheader'
AUTOMAKE='${SHELL} /Users/cchou/Documents/ruby/rails/capi/public/images/TangoIconLibrary/tango-icon-theme-0.8.1/missing --run automake-1.10'
AWK='awk'
CATALOGS=''
CATOBJEXT='NONE'
CC='gcc'
CCDEPMODE='depmode=none'
CFLAGS='-g -O2'
CONVERT=''
CPP='gcc -E'
CPPFLAGS=''
CYGPATH_W='echo'
DATADIRNAME='lib'
DEFS=''
DEPDIR='.deps'
ECHO_C='ECHO_N=''
ECHO_T=''
EGREP='/usr/bin/grep -E'
ENABLE_ICON_FRAMING_FALSE=''
ENABLE_ICON_FRAMING_TRUE=''
ENABLE_LARGE_BITMAPS_FALSE=''
ENABLE_LARGE_BITMAPS_TRUE=''
EXEEXT=''
GETTEXT_PACKAGE='tango-icon-theme'
GMOFILES=''
GMSGFMT=''
GREP='/usr/bin/grep'
ICONMAP=''
INSTALL_DATA='${INSTALL} -m 644'
INSTALL_PROGRAM='${INSTALL}'
INSTALL_SCRIPT='${INSTALL}'
INSTALL_STRIP_PROGRAM='$(install_sh) -c -s'
INSTOBJEXT=''
INTLLIBS=''
INTLTOOL_CAVES_RULE='%.caves:     %.caves.in     $(INTLTOOL_MERGE) $(wildcard $(top_srcdir)/po/*.po) ; LC_ALL=C $(INTLTOOL_MERGE) -d -u -c $(top_builddir)/po/.intltool-merge-cache $(top_srcdir)/po $< $@'
INTLTOOL_DESKTOP_RULE='%.desktop:   %.desktop.in   $(INTLTOOL_MERGE) $(wildcard $(top_srcdir)/po/*.po) ; LC_ALL=C $(INTLTOOL_MERGE) -d -u -c $(top_builddir)/po/.intltool-merge-cache $(top_srcdir)/po $< $@'
INTLTOOL_DIRECTORY_RULE='%.directory: %.directory.in $(INTLTOOL_MERGE) $(wildcard $(top_srcdir)/po/*.po) ; LC_ALL=C $(INTLTOOL_MERGE) -d -u -c $(top_builddir)/po/.intltool-merge-cache $(top_srcdir)/po $< $@'
INTLTOOL_EXTRACT='$(top_builddir)/intltool-extract'
INTLTOOL_ICONV='/usr/bin/iconv'
INTLTOOL_KBD_RULE='%.kbd:       %.kbd.in       $(INTLTOOL_MERGE) $(wildcard $(top_srcdir)/po/*.po) ; LC_ALL=C $(INTLTOOL_MERGE) -x -u -m -c $(top_builddir)/po/.intltool-merge-cache $(top_srcdir)/po $< $@'
INTLTOOL_KEYS_RULE='%.keys:      %.keys.in      $(INTLTOOL_MERGE) $(wildcard $(top_srcdir)/po/*.po) ; LC_ALL=C $(INTLTOOL_MERGE) -k -u -c $(top_builddir)/po/.intltool-merge-cache $(top_srcdir)/po $< $@'
INTLTOOL_MERGE='$(top_builddir)/intltool-merge'
INTLTOOL_MSGFMT='msgfmt'
INTLTOOL_MSGMERGE='msgmerge'
INTLTOOL_OAF_RULE='%.oaf:       %.oaf.in       $(INTLTOOL_MERGE) $(wildcard $(top_srcdir)/po/*.po) ; LC_ALL=C $(INTLTOOL_MERGE) -o -p $(top_srcdir)/po $< $@'
INTLTOOL_PERL='/usr/bin/perl'
INTLTOOL_PONG_RULE='%.pong:      %.pong.in      $(INTLTOOL_MERGE) $(wildcard $(top_srcdir)/po/*.po) ; LC_ALL=C $(INTLTOOL_MERGE) -x -u -c $(top_builddir)/po/.intltool-merge-cache $(top_srcdir)/po $< $@'
INTLTOOL_PROP_RULE='%.prop:      %.prop.in      $(INTLTOOL_MERGE) $(wildcard $(top_srcdir)/po/*.po) ; LC_ALL=C $(INTLTOOL_MERGE) -d -u -c $(top_builddir)/po/.intltool-merge-cache $(top_srcdir)/po $< $@'
INTLTOOL_SCHEMAS_RULE='%.schemas:   %.schemas.in   $(INTLTOOL_MERGE) $(wildcard $(top_srcdir)/po/*.po) ; LC_ALL=C $(INTLTOOL_MERGE) -s -u -c $(top_builddir)/po/.intltool-merge-cache $(top_srcdir)/po $< $@'
INTLTOOL_SERVER_RULE='%.server:    %.server.in    $(INTLTOOL_MERGE) $(wildcard $(top_srcdir)/po/*.po) ; LC_ALL=C $(INTLTOOL_MERGE) -o -u -c $(top_builddir)/po/.intltool-merge-cache $(top_srcdir)/po $< $@'
INTLTOOL_SERVICE_RULE='%.service: %.service.in   $(INTLTOOL_MERGE) $(wildcard $(top_srcdir)/po/*.po) ; LC_ALL=C $(INTLTOOL_MERGE) -d -u -c $(top_builddir)/po/.intltool-merge-cache $(top_srcdir)/po $< $@'
INTLTOOL_SHEET_RULE='%.sheet:     %.sheet.in     $(INTLTOOL_MERGE) $(wildcard $(top_srcdir)/po/*.po) ; LC_ALL=C $(INTLTOOL_MERGE) -x -u -c $(top_builddir)/po/.intltool-merge-cache $(top_srcdir)/po $< $@'
INTLTOOL_SOUNDLIST_RULE='%.soundlist: %.soundlist.in $(INTLTOOL_MERGE) $(wildcard $(top_srcdir)/po/*.po) ; LC_ALL=C $(INTLTOOL_MERGE) -d -u -c $(top_builddir)/po/.intltool-merge-cache $(top_srcdir)/po $< $@'
INTLTOOL_THEME_RULE='%.theme:     %.theme.in     $(INTLTOOL_MERGE) $(wildcard $(top_srcdir)/po/*.po) ; LC_ALL=C $(INTLTOOL_MERGE) -d -u -c $(top_builddir)/po/.intltool-merge-cache $(top_srcdir)/po $< $@'
INTLTOOL_UI_RULE='%.ui:        %.ui.in        $(INTLTOOL_MERGE) $(wildcard $(top_srcdir)/po/*.po) ; LC_ALL=C $(INTLTOOL_MERGE) -x -u -c $(top_builddir)/po/.intltool-merge-cache $(top_srcdir)/po $< $@'
INTLTOOL_UPDATE='$(top_builddir)/intltool-update'
INTLTOOL_XAM_RULE='%.xam:       %.xml.in       $(INTLTOOL_MERGE) $(wildcard $(top_srcdir)/po/*.po) ; LC_ALL=C $(INTLTOOL_MERGE) -x -u -c $(top_builddir)/po/.intltool-merge-cache $(top_srcdir)/po $< $@'
INTLTOOL_XGETTEXT='xgettext'
INTLTOOL_XML_NOMERGE_RULE='%.xml:       %.xml.in       $(INTLTOOL_MERGE) ; LC_ALL=C $(INTLTOOL_MERGE) -x -u /tmp $< $@'
INTLTOOL_XML_RULE='%.xml:       %.xml.in       $(INTLTOOL_MERGE) $(wildcard $(top_srcdir)/po/*.po) ; LC_ALL=C $(INTLTOOL_MERGE) -x -u -c $(top_builddir)/po/.intltool-merge-cache $(top_srcdir)/po $< $@'
LDFLAGS=''
LIBOBJS=''
LIBS=''
LTLIBOBJS=''
MAKEINFO='${SHELL} /Users/cchou/Documents/ruby/rails/capi/public/images/TangoIconLibrary/tango-icon-theme-0.8.1/missing --run makeinfo'
MKINSTALLDIRS='./mkinstalldirs'
MSGFMT=''
MSGFMT_OPTS=''
OBJEXT='o'
PACKAGE='tango-icon-theme'
PACKAGE_BUGREPORT=''
PACKAGE_NAME='tango-icon-theme'
PACKAGE_STRING='tango-icon-theme 0.8.1'
PACKAGE_TARNAME='tango-icon-theme'
PACKAGE_VERSION='0.8.1'
PATH_SEPARATOR=':'
PKG_CONFIG=''
POFILES=''
POSUB='po'
PO_IN_DATADIR_FALSE=''
PO_IN_DATADIR_TRUE=''
SET_MAKE=''
SHELL='/bin/sh'
STRIP=''
SVGCONVERT=''
USE_NLS='yes'
VERSION='0.8.1'
XGETTEXT=':'
ac_ct_CC='gcc'
am__fastdepCC_FALSE=''
am__fastdepCC_TRUE='#'
am__include='include'
am__isrc=''
am__leading_dot='.'
am__quote=''
am__tar='tar --format=ustar -chf - "$$tardir"'
am__untar='tar -xf -'
bindir='${exec_prefix}/bin'
build='i386-apple-darwin9.5.0'
build_alias=''
build_cpu='i386'
build_os='darwin9.5.0'
build_vendor='apple'
datadir='${datarootdir}'
datarootdir='${prefix}/share'
docdir='${datarootdir}/doc/${PACKAGE_TARNAME}'
dvidir='${docdir}'
exec_prefix='NONE'
host='i386-apple-darwin9.5.0'
host_alias=''
host_cpu='i386'
host_os='darwin9.5.0'
host_vendor='apple'
htmldir='${docdir}'
includedir='${prefix}/include'
infodir='${datarootdir}/info'
install_sh='$(SHELL) /Users/cchou/Documents/ruby/rails/capi/public/images/TangoIconLibrary/tango-icon-theme-0.8.1/install-sh'
libdir='${exec_prefix}/lib'
libexecdir='${exec_prefix}/libexec'
localedir='${prefix}/${DATADIRNAME}/locale'
localstatedir='${prefix}/var'
mandir='${datarootdir}/man'
mkdir_p='$(top_builddir)/./install-sh -c -d'
oldincludedir='/usr/include'
pdfdir='${docdir}'
prefix='NONE'
program_transform_name='s,x,x,'
psdir='${docdir}'
sbindir='${exec_prefix}/sbin'
sharedstatedir='${prefix}/com'
sysconfdir='${prefix}/etc'
target_alias=''
themedir='${datadir}/icons/Tango'

## ----------- ##
## confdefs.h. ##
## ----------- ##

#define PACKAGE_NAME "tango-icon-theme"
#define PACKAGE_TARNAME "tango-icon-theme"
#define PACKAGE_VERSION "0.8.1"
#define PACKAGE_STRING "tango-icon-theme 0.8.1"
#define PACKAGE_BUGREPORT ""
#define PACKAGE "tango-icon-theme"
#define VERSION "0.8.1"
#define STDC_HEADERS 1
#define HAVE_SYS_TYPES_H 1
#define HAVE_SYS_STAT_H 1
#define HAVE_STDLIB_H 1
#define HAVE_STRING_H 1
#define HAVE_MEMORY_H 1
#define HAVE_STRINGS_H 1
#define HAVE_INTTYPES_H 1
#define HAVE_STDINT_H 1
#define HAVE_UNISTD_H 1
#define HAVE_LOCALE_H 1
#define HAVE_LC_MESSAGES 1

configure: exit 1
